<?xml version="1.0" encoding="UTF-8"?>
<testsuite name="Runners.RunTest" time="25.031" tests="2" errors="0" skipped="0" failures="1">
  <properties>
[...]
</properties>
  <testcase name="runScenario" classname="Runners.RunTest" time="4.156"/>
  <testcase name="runScenario" classname="Runners.RunTest" time="20.875">
    <failure message="Error communicating with the remote browser. It may have died.&#10;Build info: version: &apos;4.34.0&apos;, revision: &apos;707dcb4246*&apos;&#10;System info: os.name: &apos;Windows 11&apos;, os.arch: &apos;amd64&apos;, os.version: &apos;10.0&apos;, java.version: &apos;21.0.7&apos;&#10;Driver info: org.openqa.selenium.chrome.ChromeDriver&#10;Command: [e55b6133289d1ed9d51f2dedc50b4a0d, findElement [value, using]]&#10;Capabilities {acceptInsecureCerts: false, browserName: chrome, browserVersion: 138.0.7204.101, chrome: {chromedriverVersion: 138.0.7204.157 (e533e98b126..., userDataDir: C:\Users\ashukla1\AppData\L...}, fedcm:accounts: true, goog:chromeOptions: {debuggerAddress: localhost:49890}, networkConnectionEnabled: false, pageLoadStrategy: normal, platformName: windows, proxy: Proxy(), se:cdp: ws://localhost:49890/devtoo..., se:cdpVersion: 138.0.7204.101, setWindowRect: true, strictFileInteractability: false, timeouts: {implicit: 0, pageLoad: 300000, script: 30000}, unhandledPromptBehavior: dismiss and notify, webauthn:extension:credBlob: true, webauthn:extension:largeBlob: true, webauthn:extension:minPinLength: true, webauthn:extension:prf: true, webauthn:virtualAuthenticators: true}&#10;Session ID: e55b6133289d1ed9d51f2dedc50b4a0d" type="org.openqa.selenium.remote.UnreachableBrowserException">org.openqa.selenium.remote.UnreachableBrowserException: Error communicating with the remote browser. It may have died.
Build info: version: '4.34.0', revision: '707dcb4246*'
System info: os.name: 'Windows 11', os.arch: 'amd64', os.version: '10.0', java.version: '21.0.7'
Driver info: org.openqa.selenium.chrome.ChromeDriver
Command: [e55b6133289d1ed9d51f2dedc50b4a0d, findElement [value, using]]
Capabilities {acceptInsecureCerts: false, browserName: chrome, browserVersion: 138.0.7204.101, chrome: {chromedriverVersion: 138.0.7204.157 (e533e98b126..., userDataDir: C:\Users\ashukla1\AppData\L...}, fedcm:accounts: true, goog:chromeOptions: {debuggerAddress: localhost:49890}, networkConnectionEnabled: false, pageLoadStrategy: normal, platformName: windows, proxy: Proxy(), se:cdp: ws://localhost:49890/devtoo..., se:cdpVersion: 138.0.7204.101, setWindowRect: true, strictFileInteractability: false, timeouts: {implicit: 0, pageLoad: 300000, script: 30000}, unhandledPromptBehavior: dismiss and notify, webauthn:extension:credBlob: true, webauthn:extension:largeBlob: true, webauthn:extension:minPinLength: true, webauthn:extension:prf: true, webauthn:virtualAuthenticators: true}
Session ID: e55b6133289d1ed9d51f2dedc50b4a0d
	at java.base/sun.nio.ch.SocketChannelImpl.throwConnectionReset(SocketChannelImpl.java:401)
	at java.base/sun.nio.ch.SocketChannelImpl.read(SocketChannelImpl.java:434)
	at java.net.http/jdk.internal.net.http.SocketTube.readAvailable(SocketTube.java:1178)
	at java.net.http/jdk.internal.net.http.SocketTube$InternalReadPublisher$InternalReadSubscription.read(SocketTube.java:841)
	at java.net.http/jdk.internal.net.http.SocketTube$SocketFlowTask.run(SocketTube.java:181)
	at java.net.http/jdk.internal.net.http.common.SequentialScheduler$SchedulableTask.run(SequentialScheduler.java:207)
	at java.net.http/jdk.internal.net.http.common.SequentialScheduler.runOrSchedule(SequentialScheduler.java:280)
	at java.net.http/jdk.internal.net.http.common.SequentialScheduler.runOrSchedule(SequentialScheduler.java:233)
	at java.net.http/jdk.internal.net.http.SocketTube$InternalReadPublisher$InternalReadSubscription.signalReadable(SocketTube.java:782)
	at java.net.http/jdk.internal.net.http.SocketTube$InternalReadPublisher$ReadEvent.signalEvent(SocketTube.java:965)
	at java.net.http/jdk.internal.net.http.SocketTube$SocketFlowEvent.handle(SocketTube.java:253)
	at java.net.http/jdk.internal.net.http.HttpClientImpl$SelectorManager.handleEvent(HttpClientImpl.java:1470)
	at java.net.http/jdk.internal.net.http.HttpClientImpl$SelectorManager.lambda$run$3(HttpClientImpl.java:1415)
	at java.base/java.util.ArrayList.forEach(ArrayList.java:1596)
	at java.net.http/jdk.internal.net.http.HttpClientImpl$SelectorManager.run(HttpClientImpl.java:1415)
</failure>
    <system-out><![CDATA[Test pass:[TestResult name=runScenario status=SUCCESS method=AbstractTestNGCucumberTests.runScenario(io.cucumber.testng.PickleWrapper,io.cucumber.testng.FeatureWrapper)[pri:0, instance:Runners.RunTest@527e5409] output={null}]
Test started

&amp#27;[1mScenario:&amp#27;[22m User able to login                                                                &amp#27;[90m# file:///C:/Users/ashukla1/Desktop/AjayCucumber/Cucumber/Cucumbernew/CucumberProject/src/test/java/Resources/Login.feature:10&amp#27;[0m
Enter initialize
User is on login page
  &amp#27;[32m&amp#27;[1mGiven &amp#27;[22mUser is on login page&amp#27;[0m                                                               &amp#27;[90m# StepDefinations.Login.user_is_on_login_page()&amp#27;[0m
Enter valid credentials
  &amp#27;[31m&amp#27;[1mWhen &amp#27;[22mUser enter valid username &amp#27;[1m"iamtestpassautomation@gmail.com"&amp#27;[22m and password &amp#27;[1m"Lacerte03"&amp#27;[22m&amp#27;[0m &amp#27;[90m# StepDefinations.Login.user_enter_valid_username_and_password(java.lang.String,java.lang.String)&amp#27;[0m
      &amp#27;[31morg.openqa.selenium.remote.UnreachableBrowserException: Error communicating with the remote browser. It may have died.
      Build info: version: '4.34.0', revision: '707dcb4246*'
      System info: os.name: 'Windows 11', os.arch: 'amd64', os.version: '10.0', java.version: '21.0.7'
      Driver info: org.openqa.selenium.chrome.ChromeDriver
      Command: [e55b6133289d1ed9d51f2dedc50b4a0d, findElement [value, using]]
      Capabilities {acceptInsecureCerts: false, browserName: chrome, browserVersion: 138.0.7204.101, chrome: {chromedriverVersion: 138.0.7204.157 (e533e98b126..., userDataDir: C:\Users\ashukla1\AppData\L...}, fedcm:accounts: true, goog:chromeOptions: {debuggerAddress: localhost:49890}, networkConnectionEnabled: false, pageLoadStrategy: normal, platformName: windows, proxy: Proxy(), se:cdp: ws://localhost:49890/devtoo..., se:cdpVersion: 138.0.7204.101, setWindowRect: true, strictFileInteractability: false, timeouts: {implicit: 0, pageLoad: 300000, script: 30000}, unhandledPromptBehavior: dismiss and notify, webauthn:extension:credBlob: true, webauthn:extension:largeBlob: true, webauthn:extension:minPinLength: true, webauthn:extension:prf: true, webauthn:virtualAuthenticators: true}
      Session ID: e55b6133289d1ed9d51f2dedc50b4a0d
      	at org.openqa.selenium.remote.RemoteWebDriver.execute(RemoteWebDriver.java:571)
      	at org.openqa.selenium.remote.ElementLocation$ElementFinder$2.findElement(ElementLocation.java:165)
      	at org.openqa.selenium.remote.ElementLocation.findElement(ElementLocation.java:66)
      	at org.openqa.selenium.remote.RemoteWebDriver.findElement(RemoteWebDriver.java:367)
      	at org.openqa.selenium.remote.RemoteWebDriver.findElement(RemoteWebDriver.java:361)
      	at org.openqa.selenium.support.ui.ExpectedConditions$7.apply(ExpectedConditions.java:194)
      	at org.openqa.selenium.support.ui.ExpectedConditions$7.apply(ExpectedConditions.java:190)
      	at org.openqa.selenium.support.ui.FluentWait.until(FluentWait.java:203)
      	at StepDefinations.Login.user_enter_valid_username_and_password(Login.java:44)
      	at ✽.User enter valid username "iamtestpassautomation@gmail.com" and password "Lacerte03"(file:///C:/Users/ashukla1/Desktop/AjayCucumber/Cucumber/Cucumbernew/CucumberProject/src/test/java/Resources/Login.feature:4)
      Caused by: java.io.UncheckedIOException: java.io.IOException: HTTP/1.1 header parser received no bytes
      	at org.openqa.selenium.remote.http.jdk.JdkHttpClient.execute0(JdkHttpClient.java:500)
      	at org.openqa.selenium.remote.http.AddSeleniumUserAgent.lambda$apply$0(AddSeleniumUserAgent.java:42)
      	at org.openqa.selenium.remote.http.Filter.lambda$andFinally$1(Filter.java:55)
      	at org.openqa.selenium.remote.http.jdk.JdkHttpClient.lambda$executeAsync$2(JdkHttpClient.java:387)
      	at java.base/java.util.concurrent.Executors$RunnableAdapter.call(Executors.java:572)
      	at java.base/java.util.concurrent.FutureTask.run(FutureTask.java:317)
      	at java.base/java.util.concurrent.ThreadPoolExecutor.runWorker(ThreadPoolExecutor.java:1144)
      	at java.base/java.util.concurrent.ThreadPoolExecutor$Worker.run(ThreadPoolExecutor.java:642)
      	at java.base/java.lang.Thread.run(Thread.java:1583)
      Caused by: java.io.IOException: HTTP/1.1 header parser received no bytes
      	at java.net.http/jdk.internal.net.http.HttpClientImpl.send(HttpClientImpl.java:967)
      	at java.net.http/jdk.internal.net.http.HttpClientFacade.send(HttpClientFacade.java:133)
      	at org.openqa.selenium.remote.http.jdk.JdkHttpClient.execute0(JdkHttpClient.java:459)
      	... 8 more
      Caused by: java.io.IOException: HTTP/1.1 header parser received no bytes
      	at java.net.http/jdk.internal.net.http.common.Utils.wrapWithExtraDetail(Utils.java:388)
      	at java.net.http/jdk.internal.net.http.Http1Response$HeadersReader.onReadError(Http1Response.java:590)
      	at java.net.http/jdk.internal.net.http.Http1AsyncReceiver.checkForErrors(Http1AsyncReceiver.java:302)
      	at java.net.http/jdk.internal.net.http.Http1AsyncReceiver.flush(Http1AsyncReceiver.java:268)
      	at java.net.http/jdk.internal.net.http.common.SequentialScheduler$LockingRestartableTask.run(SequentialScheduler.java:182)
      	at java.net.http/jdk.internal.net.http.common.SequentialScheduler$CompleteRestartableTask.run(SequentialScheduler.java:149)
      	at java.net.http/jdk.internal.net.http.common.SequentialScheduler$SchedulableTask.run(SequentialScheduler.java:207)
      	... 3 more
      Caused by: java.net.SocketException: Connection reset
      	at java.base/sun.nio.ch.SocketChannelImpl.throwConnectionReset(SocketChannelImpl.java:401)
      	at java.base/sun.nio.ch.SocketChannelImpl.read(SocketChannelImpl.java:434)
      	at java.net.http/jdk.internal.net.http.SocketTube.readAvailable(SocketTube.java:1178)
      	at java.net.http/jdk.internal.net.http.SocketTube$InternalReadPublisher$InternalReadSubscription.read(SocketTube.java:841)
      	at java.net.http/jdk.internal.net.http.SocketTube$SocketFlowTask.run(SocketTube.java:181)
      	at java.net.http/jdk.internal.net.http.common.SequentialScheduler$SchedulableTask.run(SequentialScheduler.java:207)
      	at java.net.http/jdk.internal.net.http.common.SequentialScheduler.runOrSchedule(SequentialScheduler.java:280)
      	at java.net.http/jdk.internal.net.http.common.SequentialScheduler.runOrSchedule(SequentialScheduler.java:233)
      	at java.net.http/jdk.internal.net.http.SocketTube$InternalReadPublisher$InternalReadSubscription.signalReadable(SocketTube.java:782)
      	at java.net.http/jdk.internal.net.http.SocketTube$InternalReadPublisher$ReadEvent.signalEvent(SocketTube.java:965)
      	at java.net.http/jdk.internal.net.http.SocketTube$SocketFlowEvent.handle(SocketTube.java:253)
      	at java.net.http/jdk.internal.net.http.HttpClientImpl$SelectorManager.handleEvent(HttpClientImpl.java:1470)
      	at java.net.http/jdk.internal.net.http.HttpClientImpl$SelectorManager.lambda$run$3(HttpClientImpl.java:1415)
      	at java.base/java.util.ArrayList.forEach(ArrayList.java:1596)
      	at java.net.http/jdk.internal.net.http.HttpClientImpl$SelectorManager.run(HttpClientImpl.java:1415)&amp#27;[0m

  &amp#27;[36m&amp#27;[1mAnd &amp#27;[22mclick submit button&amp#27;[0m                                                                   &amp#27;[90m# StepDefinations.Login.click_submit_button()&amp#27;[0m
  &amp#27;[36m&amp#27;[1mThen &amp#27;[22mUser is able to successfully login&amp#27;[0m                                                   &amp#27;[90m# StepDefinations.Login.user_is_able_to_successfully_login()&amp#27;[0m
Exit browser
]]></system-out>
  </testcase>
</testsuite>